/etc/apt » sudo apt update && sudo apt upgrade -y && sudo apt autoremove -y                                                                                                         lalu@perso
Hit:1 http://ppa.launchpad.net/libreoffice/ppa/ubuntu jammy InRelease
Hit:2 http://ppa.launchpad.net/obsproject/obs-studio/ubuntu jammy InRelease                                                                                                                   
Hit:3 http://ppa.launchpad.net/unit193/encryption/ubuntu jammy InRelease                                                                                                                      
Hit:4 http://fr.archive.ubuntu.com/ubuntu jammy InRelease                                                                                                                                     
Hit:5 https://updates.signal.org/desktop/apt xenial InRelease                                                                                                                                 
Hit:6 https://dl.google.com/linux/chrome/deb stable InRelease                                                                                                                                 
Hit:7 https://rtx.pub/deb stable InRelease                                                                                                                                                    
Hit:8 http://fr.archive.ubuntu.com/ubuntu jammy-updates InRelease                                                                                                                  
Hit:9 http://fr.archive.ubuntu.com/ubuntu jammy-backports InRelease                                                                                          
Hit:10 http://security.ubuntu.com/ubuntu jammy-security InRelease                                                                                            
Hit:11 https://packages.microsoft.com/repos/code stable InRelease                                                                      
Hit:12 https://regolith-desktop.org/release-3_0-ubuntu-jammy-amd64 jammy InRelease
Reading package lists... Done
Building dependency tree... Done
Reading state information... Done
5 packages can be upgraded. Run 'apt list --upgradable' to see them.
W: http://ppa.launchpad.net/libreoffice/ppa/ubuntu/dists/jammy/InRelease: Key is stored in legacy trusted.gpg keyring (/etc/apt/trusted.gpg), see the DEPRECATION section in apt-key(8) for details.
W: http://ppa.launchpad.net/obsproject/obs-studio/ubuntu/dists/jammy/InRelease: Key is stored in legacy trusted.gpg keyring (/etc/apt/trusted.gpg), see the DEPRECATION section in apt-key(8) for details.
W: http://ppa.launchpad.net/unit193/encryption/ubuntu/dists/jammy/InRelease: Key is stored in legacy trusted.gpg keyring (/etc/apt/trusted.gpg), see the DEPRECATION section in apt-key(8) for details.
W: Target Packages (main/binary-amd64/Packages) is configured multiple times in /etc/apt/sources.list.d/google-chrome.list:3 and /etc/apt/sources.list.d/google.sources:1
W: Target Packages (main/binary-all/Packages) is configured multiple times in /etc/apt/sources.list.d/google-chrome.list:3 and /etc/apt/sources.list.d/google.sources:1
W: Target Translations (main/i18n/Translation-en_US) is configured multiple times in /etc/apt/sources.list.d/google-chrome.list:3 and /etc/apt/sources.list.d/google.sources:1
W: Target Translations (main/i18n/Translation-en) is configured multiple times in /etc/apt/sources.list.d/google-chrome.list:3 and /etc/apt/sources.list.d/google.sources:1
W: Target DEP-11 (main/dep11/Components-amd64.yml) is configured multiple times in /etc/apt/sources.list.d/google-chrome.list:3 and /etc/apt/sources.list.d/google.sources:1
W: Target DEP-11 (main/dep11/Components-all.yml) is configured multiple times in /etc/apt/sources.list.d/google-chrome.list:3 and /etc/apt/sources.list.d/google.sources:1
W: Target DEP-11-icons-small (main/dep11/icons-48x48.tar) is configured multiple times in /etc/apt/sources.list.d/google-chrome.list:3 and /etc/apt/sources.list.d/google.sources:1
W: Target DEP-11-icons (main/dep11/icons-64x64.tar) is configured multiple times in /etc/apt/sources.list.d/google-chrome.list:3 and /etc/apt/sources.list.d/google.sources:1
W: Target DEP-11-icons-hidpi (main/dep11/icons-64x64@2.tar) is configured multiple times in /etc/apt/sources.list.d/google-chrome.list:3 and /etc/apt/sources.list.d/google.sources:1
W: Target CNF (main/cnf/Commands-amd64) is configured multiple times in /etc/apt/sources.list.d/google-chrome.list:3 and /etc/apt/sources.list.d/google.sources:1
W: Target CNF (main/cnf/Commands-all) is configured multiple times in /etc/apt/sources.list.d/google-chrome.list:3 and /etc/apt/sources.list.d/google.sources:1
N: Skipping acquire of configured file 'main/binary-i386/Packages' as repository 'https://dl.google.com/linux/chrome/deb stable InRelease' doesn't support architecture 'i386'
W: Target Packages (main/binary-amd64/Packages) is configured multiple times in /etc/apt/sources.list.d/google-chrome.list:3 and /etc/apt/sources.list.d/google.sources:1
W: Target Packages (main/binary-all/Packages) is configured multiple times in /etc/apt/sources.list.d/google-chrome.list:3 and /etc/apt/sources.list.d/google.sources:1
W: Target Translations (main/i18n/Translation-en_US) is configured multiple times in /etc/apt/sources.list.d/google-chrome.list:3 and /etc/apt/sources.list.d/google.sources:1
W: Target Translations (main/i18n/Translation-en) is configured multiple times in /etc/apt/sources.list.d/google-chrome.list:3 and /etc/apt/sources.list.d/google.sources:1
W: Target DEP-11 (main/dep11/Components-amd64.yml) is configured multiple times in /etc/apt/sources.list.d/google-chrome.list:3 and /etc/apt/sources.list.d/google.sources:1
W: Target DEP-11 (main/dep11/Components-all.yml) is configured multiple times in /etc/apt/sources.list.d/google-chrome.list:3 and /etc/apt/sources.list.d/google.sources:1
W: Target DEP-11-icons-small (main/dep11/icons-48x48.tar) is configured multiple times in /etc/apt/sources.list.d/google-chrome.list:3 and /etc/apt/sources.list.d/google.sources:1
W: Target DEP-11-icons (main/dep11/icons-64x64.tar) is configured multiple times in /etc/apt/sources.list.d/google-chrome.list:3 and /etc/apt/sources.list.d/google.sources:1
W: Target DEP-11-icons-hidpi (main/dep11/icons-64x64@2.tar) is configured multiple times in /etc/apt/sources.list.d/google-chrome.list:3 and /etc/apt/sources.list.d/google.sources:1
W: Target CNF (main/cnf/Commands-amd64) is configured multiple times in /etc/apt/sources.list.d/google-chrome.list:3 and /etc/apt/sources.list.d/google.sources:1
W: Target CNF (main/cnf/Commands-all) is configured multiple times in /etc/apt/sources.list.d/google-chrome.list:3 and /etc/apt/sources.list.d/google.sources:1
Reading package lists... Done
Building dependency tree... Done
Reading state information... Done
Calculating upgrade... Done
Get more security updates through Ubuntu Pro with 'esm-apps' enabled:
  vlc-plugin-qt libvlc5 vlc-data libvlccore9 vlc imagemagick vlc-bin
  libjs-jquery-ui vlc-l10n libavdevice58 ffmpeg libopenexr25 python3-scipy
  libpostproc55 libmagickcore-6.q16-6-extra vlc-plugin-samba libavcodec58
  libmagickwand-6.q16-6 vlc-plugin-notify libavutil56 imagemagick-6.q16
  libswscale5 libeditorconfig0 libmagickcore-6.q16-6 vlc-plugin-access-extra
  vlc-plugin-skins2 vlc-plugin-video-splitter libswresample3
  imagemagick-6-common vlc-plugin-video-output libavformat58 libvlc-bin
  vlc-plugin-base vlc-plugin-visualization libavfilter7
Learn more about Ubuntu Pro at https://ubuntu.com/pro
The following packages have been kept back:
  gjs libgjs0g python3-update-manager update-manager update-manager-core
0 upgraded, 0 newly installed, 0 to remove and 5 not upgraded.
Reading package lists... Done
Building dependency tree... Done
Reading state information... Done
0 upgraded, 0 newly installed, 0 to remove and 5 not upgraded.
-----------------
